Arguments: 
  /usr/local/bin/node /usr/share/yarn/bin/yarn.js add express express-session ejs express-ejs-layouts connect-flass mongoose bcrypt passport passport-local

PATH: 
  /home/lenovo/.composer/vendor/bin:/usr/local/sbin:/usr/local/bin:/usr/sbin:/usr/bin:/sbin:/bin:/usr/games:/usr/local/games:/snap/bin:/usr/lib/jvm/java-8-oracle/bin:/usr/lib/jvm/java-8-oracle/db/bin:/usr/lib/jvm/java-8-oracle/jre/bin:/home/lenovo/Android/Sdk/emulator:/home/lenovo/Android/Sdk/tools:/home/lenovo/Android/Sdk/tools/bin:/home/lenovo/Android/Sdk/platform-tools:/home/lenovo/.vimpkg/bin:/home/lenovo/.vimpkg/bin

Yarn version: 
  1.16.0

Node version: 
  11.10.1

Platform: 
  linux x64

Trace: 
  Error: https://registry.yarnpkg.com/connect-flass: Not found
      at Request.params.callback [as _callback] (/usr/share/yarn/lib/cli.js:66091:18)
      at Request.self.callback (/usr/share/yarn/lib/cli.js:129590:22)
      at Request.emit (events.js:197:13)
      at Request.<anonymous> (/usr/share/yarn/lib/cli.js:130562:10)
      at Request.emit (events.js:197:13)
      at IncomingMessage.<anonymous> (/usr/share/yarn/lib/cli.js:130484:12)
      at Object.onceWrapper (events.js:285:13)
      at IncomingMessage.emit (events.js:202:15)
      at endReadableNT (_stream_readable.js:1129:12)
      at processTicksAndRejections (internal/process/next_tick.js:76:17)

npm manifest: 
  {
    "name": "node-Passport_Login_BoilerPlate",
    "version": "1.0.0",
    "main": "index.js",
    "license": "MIT"
  }

yarn manifest: 
  No manifest

Lockfile: 
  No lockfile
