{"level":"info","message":"Listening on port 4000...","timestamp":"2019-06-05T20:57:16.573Z"}
{"level":"info","message":"Listening on port 4000...","timestamp":"2019-06-05T20:58:54.060Z"}
{"level":"info","message":"Listening on port 4000...","timestamp":"2019-06-05T20:59:59.218Z"}
{"level":"info","message":"Listening on port 4000...","timestamp":"2019-06-05T21:03:36.539Z"}
{"level":"info","message":"Listening on port 4000...","timestamp":"2019-06-05T21:05:35.017Z"}
{"level":"info","message":"Listening on port 4000...","timestamp":"2019-06-05T21:18:02.202Z"}
{"level":"info","message":"Listening on port 4000...","timestamp":"2019-06-05T21:23:55.824Z"}
{"level":"info","message":"Listening on port 4000...","timestamp":"2019-06-05T21:26:24.155Z"}
{"level":"info","message":"Listening on port 4000...","timestamp":"2019-06-05T21:39:37.353Z"}
{"level":"info","message":"Listening on port 4000...","timestamp":"2019-06-05T21:39:46.616Z"}
{"level":"info","message":"Listening on port 4000...","timestamp":"2019-06-05T21:39:47.736Z"}
{"level":"info","message":"Listening on port 4000...","timestamp":"2019-06-05T21:39:49.634Z"}
{"level":"info","message":"Listening on port 4000...","timestamp":"2019-06-05T21:39:50.436Z"}
{"level":"info","message":"Listening on port 4000...","timestamp":"2019-06-05T21:39:50.729Z"}
{"level":"info","message":"Listening on port 4000...","timestamp":"2019-06-05T21:39:53.673Z"}
{"level":"info","message":"Listening on port 4000...","timestamp":"2019-06-05T21:39:54.524Z"}
{"level":"info","message":"Listening on port 4000...","timestamp":"2019-06-05T21:40:15.888Z"}
{"level":"info","message":"Listening on port 4000...","timestamp":"2019-06-05T21:42:08.276Z"}
{"level":"info","message":"Sucessfully connected to mongodb://localhost/local-passport-boilerPlate...","timestamp":"2019-06-05T21:42:08.344Z"}
{"level":"info","message":"Listening on port 4000...","timestamp":"2019-06-05T21:42:44.378Z"}
{"level":"info","message":"Sucessfully connected to mongodb://localhost/local-passport-boilerPlate...","timestamp":"2019-06-05T21:42:44.394Z"}
{"level":"info","message":"Listening on port 4000...","timestamp":"2019-06-05T21:43:54.430Z"}
{"level":"info","message":"Successfully connected to mongodb://localhost/local-passport-boilerPlate...","timestamp":"2019-06-05T21:43:54.449Z"}
{"level":"info","message":"Listening on port 4000...","timestamp":"2019-06-05T21:44:11.484Z"}
{"level":"info","message":"Successfully connected to mongodb://localhost/local-passport-boilerPlate...","timestamp":"2019-06-05T21:44:11.499Z"}
{"level":"info","message":"Listening on port 4000...","timestamp":"2019-06-05T21:44:47.470Z"}
{"level":"info","message":"Successfully connected to mongodb://localhost/local-passport-boilerPlate...","timestamp":"2019-06-05T21:44:47.485Z"}
{"level":"info","message":"Listening on port 4000...","timestamp":"2019-06-05T21:50:43.460Z"}
{"level":"info","message":"Successfully connected to mongodb://localhost/local-passport-boilerPlate...","timestamp":"2019-06-05T21:50:43.475Z"}
{"level":"info","message":"Listening on port 4000...","timestamp":"2019-06-05T21:52:46.274Z"}
{"level":"info","message":"Successfully connected to mongodb://localhost/local-passport-boilerPlate...","timestamp":"2019-06-05T21:52:46.288Z"}
{"level":"info","message":"Listening on port 4000...","timestamp":"2019-06-05T21:53:22.066Z"}
{"level":"info","message":"Successfully connected to mongodb://localhost/local-passport-boilerPlate...","timestamp":"2019-06-05T21:53:22.080Z"}
{"level":"info","message":"Listening on port 4000...","timestamp":"2019-06-05T21:53:42.331Z"}
{"level":"info","message":"Successfully connected to mongodb://localhost/local-passport-boilerPlate...","timestamp":"2019-06-05T21:53:42.346Z"}
{"level":"info","message":"Listening on port 4000...","timestamp":"2019-06-05T21:55:48.685Z"}
{"level":"info","message":"Successfully connected to mongodb://localhost/local-passport-boilerPlate...","timestamp":"2019-06-05T21:55:48.700Z"}
{"level":"info","message":"Listening on port 4000...","timestamp":"2019-06-06T07:15:24.533Z"}
{"level":"info","message":"Successfully connected to mongodb://localhost/local-passport-boilerPlate...","timestamp":"2019-06-06T07:15:24.547Z"}
{"level":"info","message":"Listening on port 4000...","timestamp":"2019-06-06T07:16:10.845Z"}
{"level":"info","message":"Successfully connected to mongodb://localhost/local-passport-boilerPlate...","timestamp":"2019-06-06T07:16:10.862Z"}
{"level":"info","message":"Listening on port 4000...","timestamp":"2019-06-06T07:16:21.815Z"}
{"level":"info","message":"Successfully connected to mongodb://localhost/local-passport-boilerPlate...","timestamp":"2019-06-06T07:16:21.831Z"}
{"level":"info","message":"Listening on port 4000...","timestamp":"2019-06-06T07:17:01.805Z"}
{"level":"info","message":"Successfully connected to mongodb://localhost/local-passport-boilerPlate...","timestamp":"2019-06-06T07:17:01.821Z"}
{"level":"info","message":"Listening on port 4000...","timestamp":"2019-06-06T07:19:12.276Z"}
{"level":"info","message":"Successfully connected to mongodb://localhost/local-passport-boilerPlate...","timestamp":"2019-06-06T07:19:12.290Z"}
{"level":"info","message":"Listening on port 4000...","timestamp":"2019-06-06T07:19:53.470Z"}
{"level":"info","message":"Successfully connected to mongodb://localhost/local-passport-boilerPlate...","timestamp":"2019-06-06T07:19:53.489Z"}
{"level":"info","message":"Listening on port 4000...","timestamp":"2019-06-06T07:26:00.619Z"}
{"level":"info","message":"Successfully connected to mongodb://localhost/local-passport-boilerPlate...","timestamp":"2019-06-06T07:26:00.634Z"}
{"level":"info","message":"Listening on port 4000...","timestamp":"2019-06-06T07:27:37.569Z"}
{"level":"info","message":"Successfully connected to mongodb://localhost/local-passport-boilerPlate...","timestamp":"2019-06-06T07:27:37.583Z"}
{"level":"info","message":"Listening on port 4000...","timestamp":"2019-06-06T07:27:52.566Z"}
{"level":"info","message":"Successfully connected to mongodb://localhost/local-passport-boilerPlate...","timestamp":"2019-06-06T07:27:52.580Z"}
{"level":"info","message":"Listening on port 4000...","timestamp":"2019-06-06T07:28:45.405Z"}
{"level":"info","message":"Successfully connected to mongodb://localhost/local-passport-boilerPlate...","timestamp":"2019-06-06T07:28:45.418Z"}
{"level":"info","message":"Listening on port 4000...","timestamp":"2019-06-06T07:29:34.165Z"}
{"level":"info","message":"Successfully connected to mongodb://localhost/local-passport-boilerPlate...","timestamp":"2019-06-06T07:29:34.182Z"}
{"level":"info","message":"Listening on port 4000...","timestamp":"2019-06-06T07:31:08.747Z"}
{"level":"info","message":"Successfully connected to mongodb://localhost/local-passport-boilerPlate...","timestamp":"2019-06-06T07:31:08.761Z"}
{"level":"info","message":"Listening on port 4000...","timestamp":"2019-06-06T07:35:47.829Z"}
{"level":"info","message":"Successfully connected to mongodb://localhost/local-passport-boilerPlate...","timestamp":"2019-06-06T07:35:47.844Z"}
{"level":"info","message":"Listening on port 4000...","timestamp":"2019-06-06T07:39:05.255Z"}
{"level":"info","message":"Successfully connected to mongodb://localhost/local-passport-boilerPlate...","timestamp":"2019-06-06T07:39:05.272Z"}
{"level":"info","message":"Listening on port 4000...","timestamp":"2019-06-06T07:39:07.790Z"}
{"level":"info","message":"Successfully connected to mongodb://localhost/local-passport-boilerPlate...","timestamp":"2019-06-06T07:39:07.805Z"}
{"level":"info","message":"Listening on port 4000...","timestamp":"2019-06-06T07:42:42.185Z"}
{"level":"info","message":"Successfully connected to mongodb://localhost/local-passport-boilerPlate...","timestamp":"2019-06-06T07:42:42.202Z"}
{"level":"info","message":"Listening on port 4000...","timestamp":"2019-06-06T07:54:49.165Z"}
{"level":"info","message":"Successfully connected to mongodb://localhost/local-passport-boilerPlate...","timestamp":"2019-06-06T07:54:49.183Z"}
{"level":"info","message":"Listening on port 4000...","timestamp":"2019-06-06T07:57:15.380Z"}
{"level":"info","message":"Successfully connected to mongodb://localhost/local-passport-boilerPlate...","timestamp":"2019-06-06T07:57:15.399Z"}
{"level":"info","message":"Listening on port 4000...","timestamp":"2019-06-06T07:58:17.382Z"}
{"level":"info","message":"Successfully connected to mongodb://localhost/local-passport-boilerPlate...","timestamp":"2019-06-06T07:58:17.398Z"}
{"level":"info","message":"Listening on port 4000...","timestamp":"2019-06-06T07:58:26.253Z"}
{"level":"info","message":"Successfully connected to mongodb://localhost/local-passport-boilerPlate...","timestamp":"2019-06-06T07:58:26.272Z"}
{"level":"info","message":"Listening on port 4000...","timestamp":"2019-06-06T07:58:34.186Z"}
{"level":"info","message":"Successfully connected to mongodb://localhost/local-passport-boilerPlate...","timestamp":"2019-06-06T07:58:34.203Z"}
{"level":"info","message":"Listening on port 4000...","timestamp":"2019-06-06T07:58:53.405Z"}
{"level":"info","message":"Successfully connected to mongodb://localhost/local-passport-boilerPlate...","timestamp":"2019-06-06T07:58:53.421Z"}
{"level":"info","message":"Listening on port 4000...","timestamp":"2019-06-06T07:59:49.149Z"}
{"level":"info","message":"Successfully connected to mongodb://localhost/local-passport-boilerPlate...","timestamp":"2019-06-06T07:59:49.166Z"}
{"level":"info","message":"Listening on port 4000...","timestamp":"2019-06-06T08:01:35.535Z"}
{"level":"info","message":"Successfully connected to mongodb://localhost/local-passport-boilerPlate...","timestamp":"2019-06-06T08:01:35.552Z"}
{"level":"info","message":"Listening on port 4000...","timestamp":"2019-06-06T08:01:49.375Z"}
{"level":"info","message":"Successfully connected to mongodb://localhost/local-passport-boilerPlate...","timestamp":"2019-06-06T08:01:49.391Z"}
{"level":"info","message":"Listening on port 4000...","timestamp":"2019-06-06T08:14:12.219Z"}
{"level":"info","message":"Successfully connected to mongodb://localhost/local-passport-boilerPlate...","timestamp":"2019-06-06T08:14:12.235Z"}
{"level":"info","message":"Listening on port 4000...","timestamp":"2019-06-06T08:14:46.409Z"}
{"level":"info","message":"Successfully connected to mongodb://localhost/local-passport-boilerPlate...","timestamp":"2019-06-06T08:14:46.429Z"}
{"level":"info","message":"Listening on port 4000...","timestamp":"2019-06-06T08:17:52.800Z"}
{"level":"info","message":"Successfully connected to mongodb://localhost/local-passport-boilerPlate...","timestamp":"2019-06-06T08:17:52.815Z"}
{"level":"info","message":"Listening on port 4000...","timestamp":"2019-06-06T08:18:14.240Z"}
{"level":"info","message":"Successfully connected to mongodb://localhost/local-passport-boilerPlate...","timestamp":"2019-06-06T08:18:14.257Z"}
{"level":"info","message":"Listening on port 4000...","timestamp":"2019-06-06T08:19:45.718Z"}
{"level":"info","message":"Successfully connected to mongodb://localhost/local-passport-boilerPlate...","timestamp":"2019-06-06T08:19:45.735Z"}
{"level":"info","message":"Listening on port 4000...","timestamp":"2019-06-06T08:23:17.552Z"}
{"level":"info","message":"Successfully connected to mongodb://localhost/local-passport-boilerPlate...","timestamp":"2019-06-06T08:23:17.573Z"}
{"level":"info","message":"Listening on port 4000...","timestamp":"2019-06-06T08:23:54.390Z"}
{"level":"info","message":"Successfully connected to mongodb://localhost/local-passport-boilerPlate...","timestamp":"2019-06-06T08:23:54.405Z"}
{"level":"info","message":"Listening on port 4000...","timestamp":"2019-06-06T08:24:34.631Z"}
{"level":"info","message":"Successfully connected to mongodb://localhost/local-passport-boilerPlate...","timestamp":"2019-06-06T08:24:34.648Z"}
{"level":"info","message":"Listening on port 4000...","timestamp":"2019-06-06T08:24:42.799Z"}
{"level":"info","message":"Successfully connected to mongodb://localhost/local-passport-boilerPlate...","timestamp":"2019-06-06T08:24:42.816Z"}
{"level":"info","message":"Listening on port 4000...","timestamp":"2019-06-06T08:25:13.380Z"}
{"level":"info","message":"Successfully connected to mongodb://localhost/local-passport-boilerPlate...","timestamp":"2019-06-06T08:25:13.396Z"}
{"level":"info","message":"Listening on port 4000...","timestamp":"2019-06-06T08:25:54.082Z"}
{"level":"info","message":"Successfully connected to mongodb://localhost/local-passport-boilerPlate...","timestamp":"2019-06-06T08:25:54.102Z"}
{"level":"info","message":"Listening on port 4000...","timestamp":"2019-06-06T08:26:29.390Z"}
{"level":"info","message":"Successfully connected to mongodb://localhost/local-passport-boilerPlate...","timestamp":"2019-06-06T08:26:29.407Z"}
{"level":"info","message":"Listening on port 4000...","timestamp":"2019-06-06T08:30:25.685Z"}
{"level":"info","message":"Successfully connected to mongodb://localhost/local-passport-boilerPlate...","timestamp":"2019-06-06T08:30:25.705Z"}
{"level":"info","message":"Listening on port 4000...","timestamp":"2019-06-06T08:31:27.571Z"}
{"level":"info","message":"Successfully connected to mongodb://localhost/local-passport-boilerPlate...","timestamp":"2019-06-06T08:31:27.588Z"}
{"level":"info","message":"Listening on port 4000...","timestamp":"2019-06-06T08:32:11.065Z"}
{"level":"info","message":"Successfully connected to mongodb://localhost/local-passport-boilerPlate...","timestamp":"2019-06-06T08:32:11.082Z"}
{"level":"info","message":"Listening on port 4000...","timestamp":"2019-06-06T08:33:04.590Z"}
{"level":"info","message":"Successfully connected to mongodb://localhost/local-passport-boilerPlate...","timestamp":"2019-06-06T08:33:04.612Z"}
{"level":"info","message":"Listening on port 4000...","timestamp":"2019-06-06T08:34:32.484Z"}
{"level":"info","message":"Successfully connected to mongodb://localhost/local-passport-boilerPlate...","timestamp":"2019-06-06T08:34:32.501Z"}
{"level":"info","message":"Listening on port 4000...","timestamp":"2019-06-06T08:35:39.064Z"}
{"level":"info","message":"Successfully connected to mongodb://localhost/local-passport-boilerPlate...","timestamp":"2019-06-06T08:35:39.080Z"}
{"level":"info","message":"Listening on port 4000...","timestamp":"2019-06-06T08:36:03.560Z"}
{"level":"info","message":"Successfully connected to mongodb://localhost/local-passport-boilerPlate...","timestamp":"2019-06-06T08:36:03.582Z"}
{"level":"info","message":"Listening on port 4000...","timestamp":"2019-06-06T08:37:56.728Z"}
{"level":"info","message":"Successfully connected to mongodb://localhost/local-passport-boilerPlate...","timestamp":"2019-06-06T08:37:56.746Z"}
{"level":"info","message":"Listening on port 4000...","timestamp":"2019-06-06T08:43:12.372Z"}
{"level":"info","message":"Successfully connected to mongodb://localhost/local-passport-boilerPlate...","timestamp":"2019-06-06T08:43:12.390Z"}
{"level":"info","message":"Listening on port 4000...","timestamp":"2019-06-06T08:44:30.158Z"}
{"level":"info","message":"Successfully connected to mongodb://localhost/local-passport-boilerPlate...","timestamp":"2019-06-06T08:44:30.173Z"}
{"level":"info","message":"Listening on port 4000...","timestamp":"2019-06-06T08:55:37.958Z"}
{"level":"info","message":"Successfully connected to mongodb://localhost/local-passport-boilerPlate...","timestamp":"2019-06-06T08:55:37.975Z"}
{"level":"info","message":"Listening on port 4000...","timestamp":"2019-06-06T08:57:32.409Z"}
{"level":"info","message":"Successfully connected to mongodb://localhost/local-passport-boilerPlate...","timestamp":"2019-06-06T08:57:32.426Z"}
{"level":"info","message":"Listening on port 4000...","timestamp":"2019-06-06T09:09:27.352Z"}
{"level":"info","message":"Successfully connected to mongodb://localhost/local-passport-boilerPlate...","timestamp":"2019-06-06T09:09:27.368Z"}
{"level":"info","message":"Listening on port 4000...","timestamp":"2019-06-06T09:12:45.341Z"}
{"level":"info","message":"Successfully connected to mongodb://localhost/local-passport-boilerPlate...","timestamp":"2019-06-06T09:12:45.357Z"}
{"level":"info","message":"Listening on port 4000...","timestamp":"2019-06-06T09:14:08.084Z"}
{"level":"info","message":"Successfully connected to mongodb://localhost/local-passport-boilerPlate...","timestamp":"2019-06-06T09:14:08.108Z"}
{"level":"info","message":"Listening on port 4000...","timestamp":"2019-06-06T09:14:34.432Z"}
{"level":"info","message":"Successfully connected to mongodb://localhost/local-passport-boilerPlate...","timestamp":"2019-06-06T09:14:34.449Z"}
{"level":"info","message":"Listening on port 4000...","timestamp":"2019-06-06T09:16:04.233Z"}
{"level":"info","message":"Successfully connected to mongodb://localhost/local-passport-boilerPlate...","timestamp":"2019-06-06T09:16:04.251Z"}
{"level":"info","message":"Listening on port 4000...","timestamp":"2019-06-06T10:46:19.487Z"}
{"level":"info","message":"Successfully connected to mongodb://localhost/local-passport-boilerPlate...","timestamp":"2019-06-06T10:46:19.518Z"}
{"level":"info","message":"Listening on port 4000...","timestamp":"2019-06-06T10:49:48.124Z"}
{"level":"info","message":"Successfully connected to mongodb://localhost/local-passport-boilerPlate...","timestamp":"2019-06-06T10:49:48.141Z"}
{"level":"info","message":"Listening on port 4000...","timestamp":"2019-06-06T10:49:50.471Z"}
{"level":"info","message":"Successfully connected to mongodb://localhost/local-passport-boilerPlate...","timestamp":"2019-06-06T10:49:50.489Z"}
{"level":"info","message":"Listening on port 4000...","timestamp":"2019-06-06T10:51:20.275Z"}
{"level":"info","message":"Successfully connected to mongodb://localhost/local-passport-boilerPlate...","timestamp":"2019-06-06T10:51:20.291Z"}
{"level":"info","message":"Listening on port 4000...","timestamp":"2019-06-06T10:54:09.197Z"}
{"level":"info","message":"Successfully connected to mongodb://localhost/local-passport-boilerPlate...","timestamp":"2019-06-06T10:54:09.217Z"}
{"level":"info","message":"Listening on port 4000...","timestamp":"2019-06-06T10:54:26.367Z"}
{"level":"info","message":"Successfully connected to mongodb://localhost/local-passport-boilerPlate...","timestamp":"2019-06-06T10:54:26.385Z"}
{"level":"info","message":"Listening on port 4000...","timestamp":"2019-06-06T10:55:26.739Z"}
{"level":"info","message":"Successfully connected to mongodb://localhost/local-passport-boilerPlate...","timestamp":"2019-06-06T10:55:26.757Z"}
{"level":"info","message":"Listening on port 4000...","timestamp":"2019-06-06T10:55:38.134Z"}
{"level":"info","message":"Successfully connected to mongodb://localhost/local-passport-boilerPlate...","timestamp":"2019-06-06T10:55:38.155Z"}
{"level":"info","message":"Listening on port 4000...","timestamp":"2019-06-06T10:55:52.278Z"}
{"level":"info","message":"Successfully connected to mongodb://localhost/local-passport-boilerPlate...","timestamp":"2019-06-06T10:55:52.299Z"}
{"level":"info","message":"Listening on port 4000...","timestamp":"2019-06-06T10:57:39.832Z"}
{"level":"info","message":"Successfully connected to mongodb://localhost/local-passport-boilerPlate...","timestamp":"2019-06-06T10:57:39.849Z"}
{"level":"info","message":"Listening on port 4000...","timestamp":"2019-06-06T10:57:40.719Z"}
{"level":"info","message":"Successfully connected to mongodb://localhost/local-passport-boilerPlate...","timestamp":"2019-06-06T10:57:40.734Z"}
{"level":"info","message":"Listening on port 4000...","timestamp":"2019-06-06T10:57:44.553Z"}
{"level":"info","message":"Successfully connected to mongodb://localhost/local-passport-boilerPlate...","timestamp":"2019-06-06T10:57:44.575Z"}
{"level":"info","message":"Listening on port 4000...","timestamp":"2019-06-06T11:02:13.072Z"}
{"level":"info","message":"Successfully connected to mongodb://localhost/local-passport-boilerPlate...","timestamp":"2019-06-06T11:02:13.088Z"}
{"level":"info","message":"Listening on port 4000...","timestamp":"2019-06-06T11:02:14.308Z"}
{"level":"info","message":"Successfully connected to mongodb://localhost/local-passport-boilerPlate...","timestamp":"2019-06-06T11:02:14.329Z"}
{"level":"info","message":"Listening on port 4000...","timestamp":"2019-06-06T11:02:36.346Z"}
{"level":"info","message":"Successfully connected to mongodb://localhost/local-passport-boilerPlate...","timestamp":"2019-06-06T11:02:36.364Z"}
{"level":"info","message":"Listening on port 4000...","timestamp":"2019-06-06T11:04:47.299Z"}
{"level":"info","message":"Successfully connected to mongodb://localhost/local-passport-boilerPlate...","timestamp":"2019-06-06T11:04:47.316Z"}
{"message":"Cannot read property 'catch' of undefined","stack":"TypeError: Cannot read property 'catch' of undefined\n    at User.findOne.then.user (/home/lenovo/Desktop/node-Passport_Login_BoilerPlate/passport-local/services/localAuth.js:23:11)\n    at processTicksAndRejections (internal/process/next_tick.js:81:5)","level":"error","timestamp":"2019-06-06T11:05:30.272Z"}
{"level":"info","message":"Listening on port 4000...","timestamp":"2019-06-06T11:07:04.432Z"}
{"level":"info","message":"Successfully connected to mongodb://localhost/local-passport-boilerPlate...","timestamp":"2019-06-06T11:07:04.454Z"}
{"message":"Cannot set headers after they are sent to the client","stack":"Error [ERR_HTTP_HEADERS_SENT]: Cannot set headers after they are sent to the client\n    at ServerResponse.setHeader (_http_outgoing.js:482:11)\n    at ServerResponse.header (/home/lenovo/Desktop/node-Passport_Login_BoilerPlate/node_modules/express/lib/response.js:771:10)\n    at ServerResponse.location (/home/lenovo/Desktop/node-Passport_Login_BoilerPlate/node_modules/express/lib/response.js:888:15)\n    at ServerResponse.redirect (/home/lenovo/Desktop/node-Passport_Login_BoilerPlate/node_modules/express/lib/response.js:926:18)\n    at allFailed (/home/lenovo/Desktop/node-Passport_Login_BoilerPlate/node_modules/passport/lib/middleware/authenticate.js:145:20)\n    at attempt (/home/lenovo/Desktop/node-Passport_Login_BoilerPlate/node_modules/passport/lib/middleware/authenticate.js:180:28)\n    at Strategy.strategy.fail (/home/lenovo/Desktop/node-Passport_Login_BoilerPlate/node_modules/passport/lib/middleware/authenticate.js:297:9)\n    at verified (/home/lenovo/Desktop/node-Passport_Login_BoilerPlate/node_modules/passport-local/lib/strategy.js:82:30)\n    at bcrypt.compare (/home/lenovo/Desktop/node-Passport_Login_BoilerPlate/passport-local/services/localAuth.js:21:20)","level":"error","timestamp":"2019-06-06T11:07:34.814Z"}
{"level":"info","message":"Listening on port 4000...","timestamp":"2019-06-06T11:09:46.066Z"}
{"level":"info","message":"Successfully connected to mongodb://localhost/local-passport-boilerPlate...","timestamp":"2019-06-06T11:09:46.084Z"}
{"level":"info","message":"Listening on port 4000...","timestamp":"2019-06-06T11:16:32.335Z"}
{"level":"info","message":"Successfully connected to mongodb://localhost/local-passport-boilerPlate...","timestamp":"2019-06-06T11:16:32.353Z"}
{"message":"Cannot set headers after they are sent to the client","stack":"Error [ERR_HTTP_HEADERS_SENT]: Cannot set headers after they are sent to the client\n    at ServerResponse.setHeader (_http_outgoing.js:482:11)\n    at ServerResponse.header (/home/lenovo/Desktop/node-Passport_Login_BoilerPlate/node_modules/express/lib/response.js:771:10)\n    at ServerResponse.location (/home/lenovo/Desktop/node-Passport_Login_BoilerPlate/node_modules/express/lib/response.js:888:15)\n    at ServerResponse.redirect (/home/lenovo/Desktop/node-Passport_Login_BoilerPlate/node_modules/express/lib/response.js:926:18)\n    at allFailed (/home/lenovo/Desktop/node-Passport_Login_BoilerPlate/node_modules/passport/lib/middleware/authenticate.js:145:20)\n    at attempt (/home/lenovo/Desktop/node-Passport_Login_BoilerPlate/node_modules/passport/lib/middleware/authenticate.js:180:28)\n    at Strategy.strategy.fail (/home/lenovo/Desktop/node-Passport_Login_BoilerPlate/node_modules/passport/lib/middleware/authenticate.js:297:9)\n    at verified (/home/lenovo/Desktop/node-Passport_Login_BoilerPlate/node_modules/passport-local/lib/strategy.js:82:30)\n    at bcrypt.compare (/home/lenovo/Desktop/node-Passport_Login_BoilerPlate/passport-local/services/localAuth.js:21:20)","level":"error","timestamp":"2019-06-06T11:17:28.590Z"}
{"level":"info","message":"Listening on port 4000...","timestamp":"2019-06-06T11:19:34.557Z"}
{"level":"info","message":"Successfully connected to mongodb://localhost/local-passport-boilerPlate...","timestamp":"2019-06-06T11:19:34.572Z"}
{"level":"info","message":"Listening on port 4000...","timestamp":"2019-06-06T11:20:16.559Z"}
{"level":"info","message":"Successfully connected to mongodb://localhost/local-passport-boilerPlate...","timestamp":"2019-06-06T11:20:16.574Z"}
{"message":"Cannot set headers after they are sent to the client","stack":"Error [ERR_HTTP_HEADERS_SENT]: Cannot set headers after they are sent to the client\n    at ServerResponse.setHeader (_http_outgoing.js:482:11)\n    at ServerResponse.header (/home/lenovo/Desktop/node-Passport_Login_BoilerPlate/node_modules/express/lib/response.js:771:10)\n    at ServerResponse.location (/home/lenovo/Desktop/node-Passport_Login_BoilerPlate/node_modules/express/lib/response.js:888:15)\n    at ServerResponse.redirect (/home/lenovo/Desktop/node-Passport_Login_BoilerPlate/node_modules/express/lib/response.js:926:18)\n    at allFailed (/home/lenovo/Desktop/node-Passport_Login_BoilerPlate/node_modules/passport/lib/middleware/authenticate.js:145:20)\n    at attempt (/home/lenovo/Desktop/node-Passport_Login_BoilerPlate/node_modules/passport/lib/middleware/authenticate.js:180:28)\n    at Strategy.strategy.fail (/home/lenovo/Desktop/node-Passport_Login_BoilerPlate/node_modules/passport/lib/middleware/authenticate.js:297:9)\n    at verified (/home/lenovo/Desktop/node-Passport_Login_BoilerPlate/node_modules/passport-local/lib/strategy.js:82:30)\n    at bcrypt.compare (/home/lenovo/Desktop/node-Passport_Login_BoilerPlate/passport-local/services/localAuth.js:21:20)","level":"error","timestamp":"2019-06-06T11:20:26.787Z"}
{"level":"info","message":"Listening on port 4000...","timestamp":"2019-06-06T11:21:51.483Z"}
{"level":"info","message":"Successfully connected to mongodb://localhost/local-passport-boilerPlate...","timestamp":"2019-06-06T11:21:51.504Z"}
{"level":"info","message":"Listening on port 4000...","timestamp":"2019-06-06T11:21:52.860Z"}
{"level":"info","message":"Successfully connected to mongodb://localhost/local-passport-boilerPlate...","timestamp":"2019-06-06T11:21:52.878Z"}
{"message":"err is not defined","stack":"ReferenceError: err is not defined\n    at User.findById (/home/lenovo/Desktop/node-Passport_Login_BoilerPlate/passport-local/services/localAuth.js:28:46)\n    at /home/lenovo/Desktop/node-Passport_Login_BoilerPlate/node_modules/mongoose/lib/model.js:4753:16\n    at /home/lenovo/Desktop/node-Passport_Login_BoilerPlate/node_modules/mongoose/lib/query.js:4251:12\n    at process.nextTick (/home/lenovo/Desktop/node-Passport_Login_BoilerPlate/node_modules/mongoose/lib/query.js:2751:28)\n    at processTicksAndRejections (internal/process/next_tick.js:74:9)","level":"error","timestamp":"2019-06-06T11:22:05.598Z"}
{"level":"info","message":"Listening on port 4000...","timestamp":"2019-06-06T11:22:52.578Z"}
{"level":"info","message":"Successfully connected to mongodb://localhost/local-passport-boilerPlate...","timestamp":"2019-06-06T11:22:52.600Z"}
{"level":"info","message":"Listening on port 4000...","timestamp":"2019-06-06T11:22:54.461Z"}
{"level":"info","message":"Successfully connected to mongodb://localhost/local-passport-boilerPlate...","timestamp":"2019-06-06T11:22:54.484Z"}
{"message":"err is not defined","stack":"ReferenceError: err is not defined\n    at User.findById (/home/lenovo/Desktop/node-Passport_Login_BoilerPlate/passport-local/services/localAuth.js:28:46)\n    at /home/lenovo/Desktop/node-Passport_Login_BoilerPlate/node_modules/mongoose/lib/model.js:4753:16\n    at /home/lenovo/Desktop/node-Passport_Login_BoilerPlate/node_modules/mongoose/lib/query.js:4251:12\n    at process.nextTick (/home/lenovo/Desktop/node-Passport_Login_BoilerPlate/node_modules/mongoose/lib/query.js:2751:28)\n    at processTicksAndRejections (internal/process/next_tick.js:74:9)","level":"error","timestamp":"2019-06-06T11:23:02.107Z"}
{"level":"info","message":"Listening on port 4000...","timestamp":"2019-06-06T11:23:33.269Z"}
{"level":"info","message":"Successfully connected to mongodb://localhost/local-passport-boilerPlate...","timestamp":"2019-06-06T11:23:33.288Z"}
{"level":"info","message":"Listening on port 4000...","timestamp":"2019-06-06T11:25:01.894Z"}
{"level":"info","message":"Successfully connected to mongodb://localhost/local-passport-boilerPlate...","timestamp":"2019-06-06T11:25:01.913Z"}
{"level":"info","message":"Listening on port 4000...","timestamp":"2019-06-06T11:26:36.586Z"}
{"level":"info","message":"Successfully connected to mongodb://localhost/local-passport-boilerPlate...","timestamp":"2019-06-06T11:26:36.610Z"}
{"level":"info","message":"Listening on port 4000...","timestamp":"2019-06-06T11:32:13.372Z"}
{"level":"info","message":"Successfully connected to mongodb://localhost/local-passport-boilerPlate...","timestamp":"2019-06-06T11:32:13.390Z"}
{"level":"info","message":"Listening on port 4000...","timestamp":"2019-06-06T11:32:20.939Z"}
{"level":"info","message":"Successfully connected to mongodb://localhost/local-passport-boilerPlate...","timestamp":"2019-06-06T11:32:20.957Z"}
{"level":"info","message":"Listening on port 4000...","timestamp":"2019-06-06T11:38:14.952Z"}
{"level":"info","message":"Successfully connected to mongodb://localhost/local-passport-boilerPlate...","timestamp":"2019-06-06T11:38:14.969Z"}
{"level":"info","message":"Listening on port 4000...","timestamp":"2019-06-06T11:38:45.774Z"}
{"level":"info","message":"Successfully connected to mongodb://localhost/local-passport-boilerPlate...","timestamp":"2019-06-06T11:38:45.795Z"}
{"level":"info","message":"Listening on port 4000...","timestamp":"2019-06-06T11:39:25.861Z"}
{"level":"info","message":"Successfully connected to mongodb://localhost/local-passport-boilerPlate...","timestamp":"2019-06-06T11:39:25.878Z"}
{"level":"info","message":"Listening on port 4000...","timestamp":"2019-06-06T11:40:05.852Z"}
{"level":"info","message":"Successfully connected to mongodb://localhost/local-passport-boilerPlate...","timestamp":"2019-06-06T11:40:05.874Z"}
{"message":"err is not defined","stack":"ReferenceError: err is not defined\n    at User.findById (/home/lenovo/Desktop/node-Passport_Login_BoilerPlate/passport-local/services/localAuth.js:28:46)\n    at /home/lenovo/Desktop/node-Passport_Login_BoilerPlate/node_modules/mongoose/lib/model.js:4753:16\n    at /home/lenovo/Desktop/node-Passport_Login_BoilerPlate/node_modules/mongoose/lib/query.js:4251:12\n    at process.nextTick (/home/lenovo/Desktop/node-Passport_Login_BoilerPlate/node_modules/mongoose/lib/query.js:2751:28)\n    at processTicksAndRejections (internal/process/next_tick.js:74:9)","level":"error","timestamp":"2019-06-06T11:40:24.540Z"}
{"level":"info","message":"Listening on port 4000...","timestamp":"2019-06-06T11:41:28.537Z"}
{"level":"info","message":"Successfully connected to mongodb://localhost/local-passport-boilerPlate...","timestamp":"2019-06-06T11:41:28.554Z"}
{"message":"err is not defined","stack":"ReferenceError: err is not defined\n    at User.findById (/home/lenovo/Desktop/node-Passport_Login_BoilerPlate/passport-local/services/localAuth.js:28:46)\n    at /home/lenovo/Desktop/node-Passport_Login_BoilerPlate/node_modules/mongoose/lib/model.js:4753:16\n    at /home/lenovo/Desktop/node-Passport_Login_BoilerPlate/node_modules/mongoose/lib/query.js:4251:12\n    at process.nextTick (/home/lenovo/Desktop/node-Passport_Login_BoilerPlate/node_modules/mongoose/lib/query.js:2751:28)\n    at processTicksAndRejections (internal/process/next_tick.js:74:9)","level":"error","timestamp":"2019-06-06T11:42:23.865Z"}
{"level":"info","message":"Listening on port 4000...","timestamp":"2019-06-06T11:43:06.482Z"}
{"level":"info","message":"Successfully connected to mongodb://localhost/local-passport-boilerPlate...","timestamp":"2019-06-06T11:43:06.497Z"}
{"message":"err is not defined","stack":"ReferenceError: err is not defined\n    at User.findById (/home/lenovo/Desktop/node-Passport_Login_BoilerPlate/passport-local/services/localAuth.js:28:46)\n    at /home/lenovo/Desktop/node-Passport_Login_BoilerPlate/node_modules/mongoose/lib/model.js:4753:16\n    at /home/lenovo/Desktop/node-Passport_Login_BoilerPlate/node_modules/mongoose/lib/query.js:4251:12\n    at process.nextTick (/home/lenovo/Desktop/node-Passport_Login_BoilerPlate/node_modules/mongoose/lib/query.js:2751:28)\n    at processTicksAndRejections (internal/process/next_tick.js:74:9)","level":"error","timestamp":"2019-06-06T11:43:16.712Z"}
{"level":"info","message":"Listening on port 4000...","timestamp":"2019-06-06T11:45:08.085Z"}
{"level":"info","message":"Successfully connected to mongodb://localhost/local-passport-boilerPlate...","timestamp":"2019-06-06T11:45:08.103Z"}
{"level":"info","message":"Listening on port 4000...","timestamp":"2019-06-06T11:45:09.171Z"}
{"level":"info","message":"Successfully connected to mongodb://localhost/local-passport-boilerPlate...","timestamp":"2019-06-06T11:45:09.189Z"}
{"message":"user is not defined","stack":"ReferenceError: user is not defined\n    at User.findById (/home/lenovo/Desktop/node-Passport_Login_BoilerPlate/passport-local/services/localAuth.js:28:52)\n    at /home/lenovo/Desktop/node-Passport_Login_BoilerPlate/node_modules/mongoose/lib/model.js:4753:16\n    at /home/lenovo/Desktop/node-Passport_Login_BoilerPlate/node_modules/mongoose/lib/query.js:4251:12\n    at process.nextTick (/home/lenovo/Desktop/node-Passport_Login_BoilerPlate/node_modules/mongoose/lib/query.js:2751:28)\n    at processTicksAndRejections (internal/process/next_tick.js:74:9)","level":"error","timestamp":"2019-06-06T11:45:22.292Z"}
{"level":"info","message":"Listening on port 4000...","timestamp":"2019-06-06T11:47:11.941Z"}
{"level":"info","message":"Successfully connected to mongodb://localhost/local-passport-boilerPlate...","timestamp":"2019-06-06T11:47:11.959Z"}
{"level":"info","message":"Listening on port 4000...","timestamp":"2019-06-06T11:48:15.539Z"}
{"level":"info","message":"Successfully connected to mongodb://localhost/local-passport-boilerPlate...","timestamp":"2019-06-06T11:48:15.557Z"}
{"level":"info","message":"Listening on port 4000...","timestamp":"2019-06-06T11:48:21.965Z"}
{"level":"info","message":"Successfully connected to mongodb://localhost/local-passport-boilerPlate...","timestamp":"2019-06-06T11:48:21.981Z"}
{"level":"info","message":"Listening on port 4000...","timestamp":"2019-06-06T11:48:22.535Z"}
{"level":"info","message":"Successfully connected to mongodb://localhost/local-passport-boilerPlate...","timestamp":"2019-06-06T11:48:22.552Z"}
{"level":"info","message":"Listening on port 4000...","timestamp":"2019-06-06T12:06:06.663Z"}
{"level":"info","message":"Successfully connected to mongodb://localhost/local-passport-boilerPlate...","timestamp":"2019-06-06T12:06:06.681Z"}
{"level":"info","message":"Listening on port 4000...","timestamp":"2019-06-06T12:07:35.918Z"}
{"level":"info","message":"Successfully connected to mongodb://localhost/local-passport-boilerPlate...","timestamp":"2019-06-06T12:07:35.934Z"}
{"level":"info","message":"Listening on port 4000...","timestamp":"2019-06-06T12:07:42.871Z"}
{"level":"info","message":"Successfully connected to mongodb://localhost/local-passport-boilerPlate...","timestamp":"2019-06-06T12:07:42.891Z"}
{"level":"info","message":"Listening on port 4000...","timestamp":"2019-06-06T12:09:36.758Z"}
{"level":"info","message":"Successfully connected to mongodb://localhost/local-passport-boilerPlate...","timestamp":"2019-06-06T12:09:36.778Z"}
{"level":"info","message":"Listening on port 4000...","timestamp":"2019-06-06T12:09:47.614Z"}
{"level":"info","message":"Successfully connected to mongodb://localhost/local-passport-boilerPlate...","timestamp":"2019-06-06T12:09:47.630Z"}
{"level":"info","message":"Listening on port 4000...","timestamp":"2019-06-06T12:10:12.831Z"}
{"level":"info","message":"Successfully connected to mongodb://localhost/local-passport-boilerPlate...","timestamp":"2019-06-06T12:10:12.847Z"}
{"level":"info","message":"Listening on port 4000...","timestamp":"2019-06-06T12:10:38.692Z"}
{"level":"info","message":"Successfully connected to mongodb://localhost/local-passport-boilerPlate...","timestamp":"2019-06-06T12:10:38.710Z"}
{"level":"info","message":"Listening on port 4000...","timestamp":"2019-06-06T12:10:52.584Z"}
{"level":"info","message":"Successfully connected to mongodb://localhost/local-passport-boilerPlate...","timestamp":"2019-06-06T12:10:52.602Z"}
{"level":"info","message":"Listening on port 4000...","timestamp":"2019-06-06T12:11:06.821Z"}
{"level":"info","message":"Successfully connected to mongodb://localhost/local-passport-boilerPlate...","timestamp":"2019-06-06T12:11:06.841Z"}
{"level":"info","message":"Listening on port 4000...","timestamp":"2019-06-06T12:13:03.078Z"}
{"level":"info","message":"Successfully connected to mongodb://localhost/local-passport-boilerPlate...","timestamp":"2019-06-06T12:13:03.101Z"}
{"level":"info","message":"Listening on port 4000...","timestamp":"2019-06-06T12:13:13.030Z"}
{"level":"info","message":"Successfully connected to mongodb://localhost/local-passport-boilerPlate...","timestamp":"2019-06-06T12:13:13.051Z"}
{"level":"info","message":"Listening on port 4000...","timestamp":"2019-06-06T12:13:20.923Z"}
{"level":"info","message":"Successfully connected to mongodb://localhost/local-passport-boilerPlate...","timestamp":"2019-06-06T12:13:20.939Z"}
{"level":"info","message":"Listening on port 4000...","timestamp":"2019-06-06T12:13:22.896Z"}
{"level":"info","message":"Successfully connected to mongodb://localhost/local-passport-boilerPlate...","timestamp":"2019-06-06T12:13:22.919Z"}
